 
This code uses precalculated magic numbers to determine Nmax for a given number of hole states
Magic_Numbers.txt must be in same directory as this file
 
Box Size (fm):  6.542132620377179
Number of particles:  14
Number of SP states: 294
Number of blocks in bas2B:  2991
Very crude estimate for memory demand of program (GB):  0.7879
 
Fraction of blks that both have Hole_H and Particle_Hole terms:  0.0211
Fraction of blks that both have Hole_Anything pairs:  0.2818
Total size of ph blocks compared to size of full 2B matrix:  0.000722
 
Time Taken to obtain ph_blocks--- 0.2228 Minutes ---
Time Taken to obtain Minnesota Potential-- 1.3652 Minutes ---
Time Taken to normal order potential-- 0.0001 Minutes ---
 
Reference Energy/A (MeV): 8.1805
 
s                E/A           DE(2)            DE(3)            E+DE            ||eta||          ||fod||          ||Gammaod||   
------------------------------------------------------------------------------------------------------------------------------
 0.00000     8.18045745      -7.43594672       0.00000000     107.09045762       0.88490486       0.00000000      90.18361357
 1.00000     7.63953918      -0.09363532       0.00000000     106.85991315       0.11627805       0.00000000       7.30809728
 2.00000     7.63169389      -0.00507904       0.00000000     106.83863546       0.02894780       0.00000000       1.49545084
 3.00000     7.63118322      -0.00036161       0.00000000     106.83620344       0.00768730       0.00000000       0.40556004
 
Time Taken to Run--- 4.1437 Minutes ---
 
Correlation Energy/A (MeV): -0.5493
 
Energy per particle (MeV): 7.6312
 
Fraction of blocks of Omega that stayed zero 0.7703109328 = 2304 / 2991
 
 
This code uses precalculated magic numbers to determine Nmax for a given number of hole states
Magic_Numbers.txt must be in same directory as this file
 
Box Size (fm):  6.132144524153066
Number of particles:  14
Number of SP states: 294
Number of blocks in bas2B:  2991
Very crude estimate for memory demand of program (GB):  0.7879
 
Fraction of blks that both have Hole_H and Particle_Hole terms:  0.0211
Fraction of blks that both have Hole_Anything pairs:  0.2818
Total size of ph blocks compared to size of full 2B matrix:  0.000722
 
Time Taken to obtain ph_blocks--- 0.2193 Minutes ---
Time Taken to obtain Minnesota Potential-- 1.3602 Minutes ---
Time Taken to normal order potential-- 0.0001 Minutes ---
 
Reference Energy/A (MeV): 9.0257
 
s                E/A           DE(2)            DE(3)            E+DE            ||eta||          ||fod||          ||Gammaod||   
------------------------------------------------------------------------------------------------------------------------------
 0.00000     9.02571995      -8.26750616       0.00000000     118.09257314       0.82300424       0.00000000     105.87763719
 1.00000     8.42608841      -0.07695155       0.00000000     117.88828623       0.09658015       0.00000000       7.39751542
 2.00000     8.41965909      -0.00342177       0.00000000     117.87180544       0.02210446       0.00000000       1.35223692
 3.00000     8.41931617      -0.00020504       0.00000000     117.87022139       0.00545163       0.00000000       0.32180244
 
Time Taken to Run--- 4.0934 Minutes ---
 
Correlation Energy/A (MeV): -0.6064
 
Energy per particle (MeV): 8.4193
 
Fraction of blocks of Omega that stayed zero 0.7706452691 = 2305 / 2991
 
 
This code uses precalculated magic numbers to determine Nmax for a given number of hole states
Magic_Numbers.txt must be in same directory as this file
 
Box Size (fm):  5.808785733563703
Number of particles:  14
Number of SP states: 294
Number of blocks in bas2B:  2991
Very crude estimate for memory demand of program (GB):  0.7879
 
Fraction of blks that both have Hole_H and Particle_Hole terms:  0.0211
Fraction of blks that both have Hole_Anything pairs:  0.2818
Total size of ph blocks compared to size of full 2B matrix:  0.000722
 
Time Taken to obtain ph_blocks--- 0.22 Minutes ---
Time Taken to obtain Minnesota Potential-- 1.3496 Minutes ---
Time Taken to normal order potential-- 0.0001 Minutes ---
 
Reference Energy/A (MeV): 9.7826
 
s                E/A           DE(2)            DE(3)            E+DE            ||eta||          ||fod||          ||Gammaod||   
------------------------------------------------------------------------------------------------------------------------------
 0.00000     9.78264035      -9.07887123       0.00000000     127.87809373       0.77872957       0.00000000     119.66167658
 1.00000     9.12799624      -0.06545205       0.00000000     127.72649525       0.08101053       0.00000000       7.75414673
 2.00000     9.12263880      -0.00223623       0.00000000     127.71470697       0.01657890       0.00000000       1.23854542
 3.00000     9.12241980      -0.00011080       0.00000000     127.71376641       0.00381965       0.00000000       0.24577017
 
Time Taken to Run--- 4.0719 Minutes ---
 
Correlation Energy/A (MeV): -0.6602
 
Energy per particle (MeV): 9.1224
 
Fraction of blocks of Omega that stayed zero 0.7706452691 = 2305 / 2991
 
 
This code uses precalculated magic numbers to determine Nmax for a given number of hole states
Magic_Numbers.txt must be in same directory as this file
 
Box Size (fm):  5.5443768776532085
Number of particles:  14
Number of SP states: 294
Number of blocks in bas2B:  2991
Very crude estimate for memory demand of program (GB):  0.7879
 
Fraction of blks that both have Hole_H and Particle_Hole terms:  0.0211
Fraction of blks that both have Hole_Anything pairs:  0.2818
Total size of ph blocks compared to size of full 2B matrix:  0.000722
 
Time Taken to obtain ph_blocks--- 0.2188 Minutes ---
Time Taken to obtain Minnesota Potential-- 1.3441 Minutes ---
Time Taken to normal order potential-- 0.0001 Minutes ---
 
Reference Energy/A (MeV): 10.4646
 
s                E/A           DE(2)            DE(3)            E+DE            ||eta||          ||fod||          ||Gammaod||   
------------------------------------------------------------------------------------------------------------------------------
 0.00000    10.46458484      -9.84209792       0.00000000     136.66208980       0.74702211       0.00000000     131.67508296
 1.00000     9.75959434      -0.05938586       0.00000000     136.57493487       0.07002503       0.00000000       8.36071132
 2.00000     9.75491987      -0.00146601       0.00000000     136.56741218       0.01225248       0.00000000       1.17538601
 3.00000     9.75478479      -0.00005781       0.00000000     136.56692924       0.00264213       0.00000000       0.18511081
 
Time Taken to Run--- 4.0915 Minutes ---
 
Correlation Energy/A (MeV): -0.7098
 
Energy per particle (MeV): 9.7548
 
Fraction of blocks of Omega that stayed zero 0.7703109328 = 2304 / 2991
 
 
This code uses precalculated magic numbers to determine Nmax for a given number of hole states
Magic_Numbers.txt must be in same directory as this file
 
Box Size (fm):  5.322359916138904
Number of particles:  14
Number of SP states: 294
Number of blocks in bas2B:  2991
Very crude estimate for memory demand of program (GB):  0.7879
 
Fraction of blks that both have Hole_H and Particle_Hole terms:  0.0211
Fraction of blks that both have Hole_Anything pairs:  0.2818
Total size of ph blocks compared to size of full 2B matrix:  0.000722
 
Time Taken to obtain ph_blocks--- 0.2201 Minutes ---
Time Taken to obtain Minnesota Potential-- 1.3504 Minutes ---
Time Taken to normal order potential-- 0.0001 Minutes ---
 
Reference Energy/A (MeV): 11.0808
 
s                E/A           DE(2)            DE(3)            E+DE            ||eta||          ||fod||          ||Gammaod||   
------------------------------------------------------------------------------------------------------------------------------
 0.00000    11.08076942     -10.54912878       0.00000000     144.58164313       0.72445057       0.00000000     142.15022504
 1.00000    10.32984670      -0.05833203       0.00000000     144.55952176       0.06375738       0.00000000       9.15712871
 2.00000    10.32546845      -0.00101420       0.00000000     144.55554409       0.00903894       0.00000000       1.16317767
 3.00000    10.32538502      -0.00002995       0.00000000     144.55536032       0.00180262       0.00000000       0.14611607
 
Time Taken to Run--- 4.0818 Minutes ---
 
Correlation Energy/A (MeV): -0.7554
 
Energy per particle (MeV): 10.3254
 
Fraction of blocks of Omega that stayed zero 0.7706452691 = 2305 / 2991
 
 
This code uses precalculated magic numbers to determine Nmax for a given number of hole states
Magic_Numbers.txt must be in same directory as this file
 
Box Size (fm):  5.13211078831059
Number of particles:  14
Number of SP states: 294
Number of blocks in bas2B:  2991
Very crude estimate for memory demand of program (GB):  0.7879
 
Fraction of blks that both have Hole_H and Particle_Hole terms:  0.0211
Fraction of blks that both have Hole_Anything pairs:  0.2818
Total size of ph blocks compared to size of full 2B matrix:  0.000722
 
Time Taken to obtain ph_blocks--- 0.2194 Minutes ---
Time Taken to obtain Minnesota Potential-- 1.3497 Minutes ---
Time Taken to normal order potential-- 0.0001 Minutes ---
 
Reference Energy/A (MeV): 11.638
 
s                E/A           DE(2)            DE(3)            E+DE            ||eta||          ||fod||          ||Gammaod||   
------------------------------------------------------------------------------------------------------------------------------
 0.00000    11.63799796     -11.20155371       0.00000000     151.73041769       0.70863602       0.00000000     151.32491347
 1.00000    10.84488072      -0.06158118       0.00000000     151.76674888       0.06172143       0.00000000      10.08323999
 2.00000    10.84044109      -0.00080336       0.00000000     151.76537196       0.00703256       0.00000000       1.19426329
 3.00000    10.84038374      -0.00001717       0.00000000     151.76535515       0.00124248       0.00000000       0.13401329
 
Time Taken to Run--- 4.1134 Minutes ---
 
Correlation Energy/A (MeV): -0.7976
 
Energy per particle (MeV): 10.8404
 
Fraction of blocks of Omega that stayed zero 0.7703109328 = 2304 / 2991
 
 
This code uses precalculated magic numbers to determine Nmax for a given number of hole states
Magic_Numbers.txt must be in same directory as this file
 
Box Size (fm):  4.966441941896343
Number of particles:  14
Number of SP states: 294
Number of blocks in bas2B:  2991
Very crude estimate for memory demand of program (GB):  0.7879
 
Fraction of blks that both have Hole_H and Particle_Hole terms:  0.0211
Fraction of blks that both have Hole_Anything pairs:  0.2818
Total size of ph blocks compared to size of full 2B matrix:  0.000722
 
Time Taken to obtain ph_blocks--- 0.22 Minutes ---
Time Taken to obtain Minnesota Potential-- 1.3448 Minutes ---
Time Taken to normal order potential-- 0.0001 Minutes ---
 
Reference Energy/A (MeV): 12.1416
 
s                E/A           DE(2)            DE(3)            E+DE            ||eta||          ||fod||          ||Gammaod||   
------------------------------------------------------------------------------------------------------------------------------
 0.00000    12.14156026     -11.80508166       0.00000000     158.17676199       0.69789699       0.00000000     159.41350672
 1.00000    11.30923721      -0.06828361       0.00000000     158.26103736       0.06279998       0.00000000      11.09048468
 2.00000    11.30442631      -0.00078723       0.00000000     158.26118111       0.00646558       0.00000000       1.26226093
 3.00000    11.30437386      -0.00001445       0.00000000     158.26121956       0.00100525       0.00000000       0.14793722
 
Time Taken to Run--- 4.0879 Minutes ---
 
Correlation Energy/A (MeV): -0.8372
 
Energy per particle (MeV): 11.3044
 
Fraction of blocks of Omega that stayed zero 0.7703109328 = 2304 / 2991
 
 
This code uses precalculated magic numbers to determine Nmax for a given number of hole states
Magic_Numbers.txt must be in same directory as this file
 
Box Size (fm):  4.820284528350459
Number of particles:  14
Number of SP states: 294
Number of blocks in bas2B:  2991
Very crude estimate for memory demand of program (GB):  0.7879
 
Fraction of blks that both have Hole_H and Particle_Hole terms:  0.0211
Fraction of blks that both have Hole_Anything pairs:  0.2818
Total size of ph blocks compared to size of full 2B matrix:  0.000722
 
Time Taken to obtain ph_blocks--- 0.2196 Minutes ---
Time Taken to obtain Minnesota Potential-- 1.3402 Minutes ---
Time Taken to normal order potential-- 0.0001 Minutes ---
 
Reference Energy/A (MeV): 12.5957
 
s                E/A           DE(2)            DE(3)            E+DE            ||eta||          ||fod||          ||Gammaod||   
------------------------------------------------------------------------------------------------------------------------------
 0.00000    12.59573513     -12.36672205       0.00000000     163.97356981       0.69102470       0.00000000     166.59961218
 1.00000    11.72651355      -0.07753791       0.00000000     164.09365174       0.06568426       0.00000000      12.14148662
 2.00000    11.72108119      -0.00094175       0.00000000     164.09419493       0.00721216       0.00000000       1.36400927
 3.00000    11.72101515      -0.00002016       0.00000000     164.09419189       0.00114618       0.00000000       0.18064934
 
Time Taken to Run--- 4.0374 Minutes ---
 
Correlation Energy/A (MeV): -0.8747
 
Energy per particle (MeV): 11.721
 
Fraction of blocks of Omega that stayed zero 0.7703109328 = 2304 / 2991
 
 
This code uses precalculated magic numbers to determine Nmax for a given number of hole states
Magic_Numbers.txt must be in same directory as this file
 
Box Size (fm):  4.689942197174833
Number of particles:  14
Number of SP states: 294
Number of blocks in bas2B:  2991
Very crude estimate for memory demand of program (GB):  0.7879
 
Fraction of blks that both have Hole_H and Particle_Hole terms:  0.0211
Fraction of blks that both have Hole_Anything pairs:  0.2818
Total size of ph blocks compared to size of full 2B matrix:  0.000722
 
Time Taken to obtain ph_blocks--- 0.2198 Minutes ---
Time Taken to obtain Minnesota Potential-- 1.3476 Minutes ---
Time Taken to normal order potential-- 0.0001 Minutes ---
 
Reference Energy/A (MeV): 13.0041
 
s                E/A           DE(2)            DE(3)            E+DE            ||eta||          ||fod||          ||Gammaod||   
------------------------------------------------------------------------------------------------------------------------------
 0.00000    13.00409082     -12.89342968       0.00000000     169.16384176       0.68713644       0.00000000     173.03678731
 1.00000    12.09970713      -0.08846173       0.00000000     169.30743804       0.06930472       0.00000000      13.20743402
 2.00000    12.09346858      -0.00125237       0.00000000     169.30730774       0.00870028       0.00000000       1.49723340
 3.00000    12.09337232      -0.00003451       0.00000000     169.30717803       0.00153276       0.00000000       0.22589646
 
Time Taken to Run--- 4.0849 Minutes ---
 
Correlation Energy/A (MeV): -0.9107
 
Energy per particle (MeV): 12.0934
 
Fraction of blocks of Omega that stayed zero 0.7703109328 = 2304 / 2991
 
 
This code uses precalculated magic numbers to determine Nmax for a given number of hole states
Magic_Numbers.txt must be in same directory as this file
 
Box Size (fm):  4.5726441308727965
Number of particles:  14
Number of SP states: 294
Number of blocks in bas2B:  2991
Very crude estimate for memory demand of program (GB):  0.7879
 
Fraction of blks that both have Hole_H and Particle_Hole terms:  0.0211
Fraction of blks that both have Hole_Anything pairs:  0.2818
Total size of ph blocks compared to size of full 2B matrix:  0.000722
 
Time Taken to obtain ph_blocks--- 0.2203 Minutes ---
Time Taken to obtain Minnesota Potential-- 1.3474 Minutes ---
Time Taken to normal order potential-- 0.0001 Minutes ---
 
Reference Energy/A (MeV): 13.3697
 
s                E/A           DE(2)            DE(3)            E+DE            ||eta||          ||fod||          ||Gammaod||   
------------------------------------------------------------------------------------------------------------------------------
 0.00000    13.36967431     -13.39151374       0.00000000     173.78392662       0.68557776       0.00000000     178.85196286
 1.00000    12.43140615      -0.10024859       0.00000000     173.93943745       0.07295769       0.00000000      14.26605299
 2.00000    12.42424194      -0.00170426       0.00000000     173.93768293       0.01045800       0.00000000       1.65824617
 3.00000    12.42410074      -0.00005831       0.00000000     173.93735198       0.00202071       0.00000000       0.28026300
 
Time Taken to Run--- 4.0862 Minutes ---
 
Correlation Energy/A (MeV): -0.9456
 
Energy per particle (MeV): 12.4241
 
Fraction of blocks of Omega that stayed zero 0.7703109328 = 2304 / 2991
 
 
This code uses precalculated magic numbers to determine Nmax for a given number of hole states
Magic_Numbers.txt must be in same directory as this file
 
Box Size (fm):  4.466264750261308
Number of particles:  14
Number of SP states: 294
Number of blocks in bas2B:  2991
Very crude estimate for memory demand of program (GB):  0.7879
 
Fraction of blks that both have Hole_H and Particle_Hole terms:  0.0211
Fraction of blks that both have Hole_Anything pairs:  0.2818
Total size of ph blocks compared to size of full 2B matrix:  0.000722
 
Time Taken to obtain ph_blocks--- 0.2203 Minutes ---
Time Taken to obtain Minnesota Potential-- 1.3518 Minutes ---
Time Taken to normal order potential-- 0.0001 Minutes ---
 
Reference Energy/A (MeV): 13.6951
 
s                E/A           DE(2)            DE(3)            E+DE            ||eta||          ||fod||          ||Gammaod||   
------------------------------------------------------------------------------------------------------------------------------
 0.00000    13.69513620     -13.86643361       0.00000000     177.86547318       0.68585588       0.00000000     184.14948662
 1.00000    12.72390035      -0.11220782       0.00000000     178.02239705       0.07624141       0.00000000      15.30034870
 2.00000    12.71575136      -0.00227737       0.00000000     178.01824168       0.01224209       0.00000000       1.84137853
 3.00000    12.71555275      -0.00009211       0.00000000     178.01764644       0.00254325       0.00000000       0.34153194
 
Time Taken to Run--- 4.0746 Minutes ---
 
Correlation Energy/A (MeV): -0.9796
 
Energy per particle (MeV): 12.7156
 
Fraction of blocks of Omega that stayed zero 0.7703109328 = 2304 / 2991
 
 
This code uses precalculated magic numbers to determine Nmax for a given number of hole states
Magic_Numbers.txt must be in same directory as this file
 
Box Size (fm):  4.369141093550429
Number of particles:  14
Number of SP states: 294
Number of blocks in bas2B:  2991
Very crude estimate for memory demand of program (GB):  0.7879
 
Fraction of blks that both have Hole_H and Particle_Hole terms:  0.0211
Fraction of blks that both have Hole_Anything pairs:  0.2818
Total size of ph blocks compared to size of full 2B matrix:  0.000722
 
Time Taken to obtain ph_blocks--- 0.2181 Minutes ---
Time Taken to obtain Minnesota Potential-- 1.3365 Minutes ---
Time Taken to normal order potential-- 0.0001 Minutes ---
 
Reference Energy/A (MeV): 13.9828
 
s                E/A           DE(2)            DE(3)            E+DE            ||eta||          ||fod||          ||Gammaod||   
------------------------------------------------------------------------------------------------------------------------------
 0.00000    13.98281624     -14.32278149       0.00000000     181.43664584       0.68759381       0.00000000     189.01497038
 1.00000    12.97924881      -0.12378717       0.00000000     181.58569612       0.07895672       0.00000000      16.29779159
 2.00000    12.97010793      -0.00294527       0.00000000     181.57856580       0.01393419       0.00000000       2.03967667
 3.00000    12.96984229      -0.00013571       0.00000000     181.57765630       0.00306767       0.00000000       0.40770187
 
Time Taken to Run--- 4.0897 Minutes ---
 
Correlation Energy/A (MeV): -1.013
 
Energy per particle (MeV): 12.9698
 
Fraction of blocks of Omega that stayed zero 0.7703109328 = 2304 / 2991
 
 
This code uses precalculated magic numbers to determine Nmax for a given number of hole states
Magic_Numbers.txt must be in same directory as this file
 
Box Size (fm):  4.279949922260317
Number of particles:  14
Number of SP states: 294
Number of blocks in bas2B:  2991
Very crude estimate for memory demand of program (GB):  0.7879
 
Fraction of blks that both have Hole_H and Particle_Hole terms:  0.0211
Fraction of blks that both have Hole_Anything pairs:  0.2818
Total size of ph blocks compared to size of full 2B matrix:  0.000722
 
Time Taken to obtain ph_blocks--- 0.2198 Minutes ---
Time Taken to obtain Minnesota Potential-- 1.3432 Minutes ---
Time Taken to normal order potential-- 0.0001 Minutes ---
 
Reference Energy/A (MeV): 14.2348
 
s                E/A           DE(2)            DE(3)            E+DE            ||eta||          ||fod||          ||Gammaod||   
------------------------------------------------------------------------------------------------------------------------------
 0.00000    14.23480410     -14.76434838       0.00000000     184.52290905       0.69049840       0.00000000     193.51865932
 1.00000    13.19932395      -0.13457999       0.00000000     184.65595531       0.08102992       0.00000000      17.24970298
 2.00000    13.18922583      -0.00367662       0.00000000     184.64548503       0.01547313       0.00000000       2.24591417
 3.00000    13.18888672      -0.00018805       0.00000000     184.64422601       0.00357343       0.00000000       0.47676357
 
Time Taken to Run--- 4.0784 Minutes ---
 
Correlation Energy/A (MeV): -1.0459
 
Energy per particle (MeV): 13.1889
 
Fraction of blocks of Omega that stayed zero 0.7703109328 = 2304 / 2991
 
 
This code uses precalculated magic numbers to determine Nmax for a given number of hole states
Magic_Numbers.txt must be in same directory as this file
 
Box Size (fm):  4.197622693771904
Number of particles:  14
Number of SP states: 294
Number of blocks in bas2B:  2991
Very crude estimate for memory demand of program (GB):  0.7879
 
Fraction of blks that both have Hole_H and Particle_Hole terms:  0.0211
Fraction of blks that both have Hole_Anything pairs:  0.2818
Total size of ph blocks compared to size of full 2B matrix:  0.000722
 
Time Taken to obtain ph_blocks--- 0.2207 Minutes ---
Time Taken to obtain Minnesota Potential-- 1.3472 Minutes ---
Time Taken to normal order potential-- 0.0001 Minutes ---
 
Reference Energy/A (MeV): 14.453
 
s                E/A           DE(2)            DE(3)            E+DE            ||eta||          ||fod||          ||Gammaod||   
------------------------------------------------------------------------------------------------------------------------------
 0.00000    14.45298381     -15.19422080       0.00000000     187.14755258       0.69433790       0.00000000     197.71826796
 1.00000    13.38584201      -0.14432039       0.00000000     187.25746771       0.08246282       0.00000000      18.15072163
 2.00000    13.37485201      -0.00443786       0.00000000     187.24349027       0.01682653       0.00000000       2.45337610
 3.00000    13.37443638      -0.00024724       0.00000000     187.24186205       0.00404585       0.00000000       0.54675012
 
Time Taken to Run--- 4.0949 Minutes ---
 
Correlation Energy/A (MeV): -1.0785
 
Energy per particle (MeV): 13.3744
 
Fraction of blocks of Omega that stayed zero 0.7706452691 = 2305 / 2991
 
 
This code uses precalculated magic numbers to determine Nmax for a given number of hole states
Magic_Numbers.txt must be in same directory as this file
 
Box Size (fm):  4.121285299808556
Number of particles:  14
Number of SP states: 294
Number of blocks in bas2B:  2991
Very crude estimate for memory demand of program (GB):  0.7879
 
Fraction of blks that both have Hole_H and Particle_Hole terms:  0.0211
Fraction of blks that both have Hole_Anything pairs:  0.2818
Total size of ph blocks compared to size of full 2B matrix:  0.000722
 
Time Taken to obtain ph_blocks--- 0.2181 Minutes ---
Time Taken to obtain Minnesota Potential-- 1.3449 Minutes ---
Time Taken to normal order potential-- 0.0001 Minutes ---
 
Reference Energy/A (MeV): 14.6391
 
s                E/A           DE(2)            DE(3)            E+DE            ||eta||          ||fod||          ||Gammaod||   
------------------------------------------------------------------------------------------------------------------------------
 0.00000    14.63906712     -15.61488242       0.00000000     189.33205721       0.69892612       0.00000000     201.66131701
 1.00000    13.54038534      -0.15287018       0.00000000     189.41252459       0.08330195       0.00000000      18.99831003
 2.00000    13.52858875      -0.00519607       0.00000000     189.39504637       0.01797900       0.00000000       2.65630454
 3.00000    13.52809683      -0.00031082       0.00000000     189.39304478       0.00447427       0.00000000       0.61583289
 
Time Taken to Run--- 4.0774 Minutes ---
 
Correlation Energy/A (MeV): -1.111
 
Energy per particle (MeV): 13.5281
 
Fraction of blocks of Omega that stayed zero 0.7703109328 = 2304 / 2991
 
JobId=66465650 JobName=much_simpler_eos
   UserId=udianiom(919069) GroupId=cse(2010) MCS_label=N/A
   Priority=63866 Nice=0 Account=general QOS=udianiom
   JobState=RUNNING Reason=None Dependency=(null)
   Requeue=1 Restarts=0 BatchFlag=1 Reboot=0 ExitCode=0:0
   RunTime=01:30:06 TimeLimit=06:00:00 TimeMin=N/A
   SubmitTime=2020-07-23T05:26:45 EligibleTime=2020-07-23T05:26:45
   AccrueTime=2020-07-23T05:26:45
   StartTime=2020-07-23T05:55:49 EndTime=2020-07-23T11:55:49 Deadline=N/A
   SuspendTime=None SecsPreSuspend=0 LastSchedEval=2020-07-23T05:55:49
   Partition=general-long AllocNode:Sid=dev-intel18:32597
   ReqNodeList=(null) ExcNodeList=(null)
   NodeList=css-008
   BatchHost=css-008
   NumNodes=1 NumCPUs=8 NumTasks=1 CPUs/Task=8 ReqB:S:C:T=0:0:*:*
   TRES=cpu=8,mem=160G,node=1,billing=24903
   Socks/Node=* NtasksPerN:B:S:C=0:0:*:* CoreSpec=*
   MinCPUsNode=8 MinMemoryCPU=20G MinTmpDiskNode=0
   Features=[intel14|intel16|intel18] DelayBoot=00:00:00
   OverSubscribe=OK Contiguous=0 Licenses=(null) Network=(null)
   Command=/mnt/ufs18/home-098/udianiom/Yani_IMSRG/submitjob10.sb
   WorkDir=/mnt/ufs18/home-098/udianiom/Yani_IMSRG
   Comment=stdout=/mnt/ufs18/home-098/udianiom/Yani_IMSRG/slurm-66465650.out 
   StdErr=/mnt/ufs18/home-098/udianiom/Yani_IMSRG/slurm-66465650.out
   StdIn=/dev/null
   StdOut=/mnt/ufs18/home-098/udianiom/Yani_IMSRG/slurm-66465650.out
   Power=

